<?xml version="1.0" encoding="UTF-8"?>
<!-- Generated by org.testng.reporters.JUnitXMLReporter -->
<testsuite ignored="0" hostname="Akshat" failures="1" tests="3" name="Test" time="7.328" errors="0" timestamp="2022-11-25T16:01:36 IST">
  <testcase classname="com.testNGclass.NewTest1" name="f" time="1.044"/>
  <testcase classname="com.testNGclass.FirstTestNg" name="Test1" time="2.767">
    <failure type="java.lang.AssertionError" message="expected [OrangeHRM] but found [OrangeHRM1]">
      <![CDATA[java.lang.AssertionError: expected [OrangeHRM] but found [OrangeHRM1]
at com.testNGclass.FirstTestNg.Test1(FirstTestNg.java:37)
at java.base/java.util.ArrayList.forEach(ArrayList.java:1511)
... Removed 33 stack frames]]>
    </failure>
  </testcase> <!-- Test1 -->
  <testcase classname="com.testNGclass.FirstTestNg" name="login" time="0.0">
    <skipped/>
  </testcase> <!-- login -->
</testsuite> <!-- Test -->
