<?xml version="1.0" encoding="UTF-8"?>
<testng-results ignored="0" total="3" passed="3" failed="0" skipped="0">
  <reporter-output>
  </reporter-output>
  <suite started-at="2022-11-21T20:48:50 IST" name="Suite" finished-at="2022-11-21T20:49:02 IST" duration-ms="12114">
    <groups>
    </groups>
    <test started-at="2022-11-21T20:48:50 IST" name="Test" finished-at="2022-11-21T20:49:02 IST" duration-ms="12114">
      <class name="com.testNGclass.NewTest1">
        <test-method is-config="true" signature="beforeTest()[pri:0, instance:com.testNGclass.NewTest1@6f63b475]" started-at="2022-11-21T20:48:52 IST" name="beforeTest" finished-at="2022-11-21T20:48:54 IST" duration-ms="1502" status="PASS">
          <reporter-output>
          </reporter-output>
        </test-method> <!-- beforeTest -->
        <test-method signature="f()[pri:0, instance:com.testNGclass.NewTest1@6f63b475]" started-at="2022-11-21T20:48:54 IST" name="f" finished-at="2022-11-21T20:48:55 IST" duration-ms="1222" status="PASS">
          <reporter-output>
          </reporter-output>
        </test-method> <!-- f -->
        <test-method is-config="true" signature="afterTest()[pri:0, instance:com.testNGclass.NewTest1@6f63b475]" started-at="2022-11-21T20:49:01 IST" name="afterTest" finished-at="2022-11-21T20:49:02 IST" duration-ms="681" status="PASS">
          <reporter-output>
          </reporter-output>
        </test-method> <!-- afterTest -->
      </class> <!-- com.testNGclass.NewTest1 -->
      <class name="com.testNGclass.FirstTestNg">
        <test-method is-config="true" signature="launchBrowser()[pri:0, instance:com.testNGclass.FirstTestNg@6b88ca8c]" started-at="2022-11-21T20:48:50 IST" name="launchBrowser" finished-at="2022-11-21T20:48:52 IST" duration-ms="1992" status="PASS">
          <reporter-output>
          </reporter-output>
        </test-method> <!-- launchBrowser -->
        <test-method signature="Test1()[pri:1, instance:com.testNGclass.FirstTestNg@6b88ca8c]" started-at="2022-11-21T20:48:55 IST" name="Test1" description="Opening browser and site" finished-at="2022-11-21T20:48:58 IST" duration-ms="2842" status="PASS">
          <reporter-output>
          </reporter-output>
        </test-method> <!-- Test1 -->
        <test-method signature="login()[pri:2, instance:com.testNGclass.FirstTestNg@6b88ca8c]" started-at="2022-11-21T20:48:58 IST" name="login" description="loggin in using username and Password" finished-at="2022-11-21T20:49:01 IST" depends-on-methods="com.testNGclass.FirstTestNg.Test1" duration-ms="3263" status="PASS">
          <reporter-output>
          </reporter-output>
        </test-method> <!-- login -->
        <test-method is-config="true" signature="closeBrowser()[pri:0, instance:com.testNGclass.FirstTestNg@6b88ca8c]" started-at="2022-11-21T20:49:01 IST" name="closeBrowser" finished-at="2022-11-21T20:49:01 IST" duration-ms="588" status="PASS">
          <reporter-output>
          </reporter-output>
        </test-method> <!-- closeBrowser -->
      </class> <!-- com.testNGclass.FirstTestNg -->
    </test> <!-- Test -->
  </suite> <!-- Suite -->
</testng-results>
